\BOOKMARK [0][-]{chapter.1}{Linear Equations and Inequalities}{}% 1
\BOOKMARK [1][-]{section*.2}{Solving Linear Equations}{chapter.1}% 2
\BOOKMARK [2][-]{section*.3}{One-Step Equations}{section*.2}% 3
\BOOKMARK [2][-]{section*.4}{Two-Step Equations}{section*.2}% 4
\BOOKMARK [2][-]{section*.5}{General Equations}{section*.2}% 5
\BOOKMARK [2][-]{section*.6}{Equations Containing Fractions \(L1\)}{section*.2}% 6
\BOOKMARK [1][-]{section*.7}{Linear Equations Containing an Absolute Value \(L2\)}{chapter.1}% 7
\BOOKMARK [1][-]{section*.8}{Graphing Linear Equations}{chapter.1}% 8
\BOOKMARK [2][-]{section*.9}{The Cartesian Plane}{section*.8}% 9
\BOOKMARK [2][-]{section*.10}{Graphing Lines \(L3\)}{section*.8}% 10
\BOOKMARK [2][-]{section*.11}{The Slope of a Line}{section*.8}% 11
\BOOKMARK [1][-]{section*.12}{The Two Forms of a Linear Equation \(L4\)}{chapter.1}% 12
\BOOKMARK [2][-]{section*.13}{Slope-Intercept Form}{section*.12}% 13
\BOOKMARK [2][-]{section*.14}{Point-Slope Form}{section*.12}% 14
\BOOKMARK [1][-]{section*.15}{Parallel and Perpendicular Lines \(L5\)}{chapter.1}% 15
\BOOKMARK [1][-]{section*.16}{Linear Inequalities and Sign Diagrams \(L6\)}{chapter.1}% 16
\BOOKMARK [2][-]{section*.17}{Linear Inequalities}{section*.16}% 17
\BOOKMARK [2][-]{section*.18}{Introduction to Sign Diagrams}{section*.16}% 18
\BOOKMARK [1][-]{section*.19}{Compound and Absolute Value Inequalities}{chapter.1}% 19
\BOOKMARK [2][-]{section*.20}{Compound Inequalities \(L7\)}{section*.19}% 20
\BOOKMARK [2][-]{section*.21}{Inequalities Containing Absolute Values \(L8\)}{section*.19}% 21
\BOOKMARK [1][-]{section*.22}{Practice Problems}{chapter.1}% 22
\BOOKMARK [1][-]{section*.41}{Selected Answers}{chapter.1}% 23
\BOOKMARK [0][-]{chapter.2}{Systems of Linear Equations}{}% 24
\BOOKMARK [1][-]{section*.59}{Introduction and Graphing \(L9\)}{chapter.2}% 25
\BOOKMARK [1][-]{section*.60}{The Substitution Method \(L10\)}{chapter.2}% 26
\BOOKMARK [1][-]{section*.61}{The Addition Elimination Method \(L11\)}{chapter.2}% 27
\BOOKMARK [1][-]{section*.62}{Three Variables}{chapter.2}% 28
\BOOKMARK [1][-]{section*.63}{Matrices}{chapter.2}% 29
\BOOKMARK [1][-]{section*.64}{Practice Problems}{chapter.2}% 30
\BOOKMARK [1][-]{section*.71}{Selected Answers}{chapter.2}% 31
\BOOKMARK [0][-]{chapter.3}{Introduction to Functions}{}% 32
\BOOKMARK [1][-]{section*.76}{Notation and Basic Examples}{chapter.3}% 33
\BOOKMARK [2][-]{section*.77}{Definitions and the Vertical Line Test \(L12\)}{section*.76}% 34
\BOOKMARK [2][-]{section*.78}{Evaluating \(L13\) and Solving \(L31\) Functions }{section*.76}% 35
\BOOKMARK [1][-]{section*.79}{Identifying Domain and Range Graphically \(L14\)}{chapter.3}% 36
\BOOKMARK [1][-]{section*.80}{Fundamental Functions \(L15\)}{chapter.3}% 37
\BOOKMARK [1][-]{section*.81}{Practice Problems}{chapter.3}% 38
\BOOKMARK [1][-]{section*.84}{Selected Answers}{chapter.3}% 39
\BOOKMARK [0][-]{chapter.4}{Quadratic Equations and Inequalities}{}% 40
\BOOKMARK [1][-]{section*.87}{Introduction \(L16\)}{chapter.4}% 41
\BOOKMARK [2][-]{section*.88}{An Introduction to the Vertex Form}{section*.87}% 42
\BOOKMARK [1][-]{section*.89}{Factoring Methods}{chapter.4}% 43
\BOOKMARK [2][-]{section*.90}{Greatest Common Factors \(L17\)}{section*.89}% 44
\BOOKMARK [2][-]{section*.91}{Factor by Grouping \(L18\)}{section*.89}% 45
\BOOKMARK [2][-]{section*.92}{Trinomials with Leading Coefficient a=1 \(L19\)}{section*.89}% 46
\BOOKMARK [2][-]{section*.93}{Trinomials with Leading Coefficient a=1 \(L20\)}{section*.89}% 47
\BOOKMARK [1][-]{section*.94}{Solving by Factoring \(L21\)}{chapter.4}% 48
\BOOKMARK [1][-]{section*.95}{Square Roots and the Imaginary Number i}{chapter.4}% 49
\BOOKMARK [2][-]{section*.96}{Square Roots \(L22\)}{section*.95}% 50
\BOOKMARK [2][-]{section*.97}{Introduction to Complex Numbers \(L23\)}{section*.95}% 51
\BOOKMARK [1][-]{section*.98}{Vertex Form and Graphing \(L24\)}{chapter.4}% 52
\BOOKMARK [2][-]{section*.99}{The Vertex Form}{section*.98}% 53
\BOOKMARK [2][-]{section*.101}{Graphing Quadratics}{section*.98}% 54
\BOOKMARK [1][-]{section*.102}{The Method of Extracting Square Roots}{chapter.4}% 55
\BOOKMARK [2][-]{section*.103}{Solve by Square Roots \(L25\)}{section*.102}% 56
\BOOKMARK [2][-]{section*.104}{Extracting Square Roots \(L26\)}{section*.102}% 57
\BOOKMARK [1][-]{section*.105}{Completing the Square}{chapter.4}% 58
\BOOKMARK [1][-]{section*.106}{The Quadratic Formula \(L28\) and the Discriminant \(L27\)}{chapter.4}% 59
\BOOKMARK [1][-]{section*.107}{Quadratic Inequalities and Sign Diagrams \(L29\)}{chapter.4}% 60
\BOOKMARK [1][-]{section*.108}{Practice Problems}{chapter.4}% 61
\BOOKMARK [1][-]{section*.130}{Selected Answers}{chapter.4}% 62
\BOOKMARK [0][-]{chapter.5}{Advanced Function Concepts}{}% 63
\BOOKMARK [1][-]{section*.149}{Identifying Domain Algebraically \(L30\)}{chapter.5}% 64
\BOOKMARK [1][-]{section*.150}{Combining Functions}{chapter.5}% 65
\BOOKMARK [2][-]{section*.151}{Function Arithmetic \(L32\)}{section*.150}% 66
\BOOKMARK [2][-]{section*.152}{Composite Functions \(L33\)}{section*.150}% 67
\BOOKMARK [1][-]{section*.153}{Inverse Functions}{chapter.5}% 68
\BOOKMARK [2][-]{section*.154}{Definition and the Horizontal Line Test \(L34\)}{section*.153}% 69
\BOOKMARK [2][-]{section*.155}{Finding Inverses Algebraically \(L35\)}{section*.153}% 70
\BOOKMARK [1][-]{section*.157}{Transformations}{chapter.5}% 71
\BOOKMARK [2][-]{section*.158}{Introduction}{section*.157}% 72
\BOOKMARK [2][-]{section*.159}{Translations \(L36\)}{section*.157}% 73
\BOOKMARK [2][-]{section*.160}{Reflections \(L37\)}{section*.157}% 74
\BOOKMARK [2][-]{section*.161}{Scalings \(L38\)}{section*.157}% 75
\BOOKMARK [2][-]{section*.162}{Transformations Summary \(L39\)}{section*.157}% 76
\BOOKMARK [1][-]{section*.163}{Piecewise-Defined and Absolute Value Functions}{chapter.5}% 77
\BOOKMARK [2][-]{section*.164}{Piecewise-Defined Functions \(L40\)}{section*.163}% 78
\BOOKMARK [2][-]{section*.165}{Functions Containing an Absolute Value \(L41\)}{section*.163}% 79
\BOOKMARK [2][-]{section*.167}{Absolute Value as a Piecewise Function \(L42\)}{section*.163}% 80
\BOOKMARK [1][-]{section*.168}{Practice Problems}{chapter.5}% 81
\BOOKMARK [1][-]{section*.178}{Selected Answers}{chapter.5}% 82
\BOOKMARK [0][-]{chapter.6}{Polynomials}{}% 83
\BOOKMARK [1][-]{section*.188}{Introduction and Terminology \(L43\)}{chapter.6}% 84
\BOOKMARK [1][-]{section*.189}{Sign Diagrams \(L44\)}{chapter.6}% 85
\BOOKMARK [1][-]{section*.190}{Factoring}{chapter.6}% 86
\BOOKMARK [2][-]{section*.191}{Some Special Cases \(L45\)}{section*.190}% 87
\BOOKMARK [2][-]{section*.192}{Quadratic Type \(L46\)}{section*.190}% 88
\BOOKMARK [1][-]{section*.193}{Division}{chapter.6}% 89
\BOOKMARK [2][-]{section*.194}{Polynomial \(Long\) Division \(L47\)}{section*.193}% 90
\BOOKMARK [2][-]{section*.195}{Synthetic Division \(L48\)}{section*.193}% 91
\BOOKMARK [1][-]{section*.196}{End Behavior \(L49\)}{chapter.6}% 92
\BOOKMARK [1][-]{section*.197}{Local Behavior \(L50\)}{chapter.6}% 93
\BOOKMARK [1][-]{section*.198}{The Rational Root Theorem \(L51\)}{chapter.6}% 94
\BOOKMARK [1][-]{section*.199}{Graphing Summary \(L52\)}{chapter.6}% 95
\BOOKMARK [1][-]{section*.200}{Polynomial Inequalities \(L53\)}{chapter.6}% 96
\BOOKMARK [1][-]{section*.201}{Practice Problems}{chapter.6}% 97
\BOOKMARK [1][-]{section*.215}{Selected Answers}{chapter.6}% 98
\BOOKMARK [0][-]{chapter.7}{Rational Functions}{}% 99
\BOOKMARK [1][-]{section*.229}{Introduction and Terminology \(L54\)}{chapter.7}% 100
\BOOKMARK [1][-]{section*.230}{Sign Diagrams \(L55\)}{chapter.7}% 101
\BOOKMARK [1][-]{section*.231}{End Behavior}{chapter.7}% 102
\BOOKMARK [2][-]{section*.232}{Horizontal Asymptotes \(L56\)}{section*.231}% 103
\BOOKMARK [2][-]{section*.233}{Slant Asymptotes \(L57\)}{section*.231}% 104
\BOOKMARK [1][-]{section*.234}{Local Behavior}{chapter.7}% 105
\BOOKMARK [2][-]{section*.235}{Vertical Asymptotes \(L58\)}{section*.234}% 106
\BOOKMARK [2][-]{section*.236}{Holes \(L59\)}{section*.234}% 107
\BOOKMARK [1][-]{section*.237}{Graphing Summary \(L60\)}{chapter.7}% 108
\BOOKMARK [1][-]{section*.238}{Rational Inequalities }{chapter.7}% 109
\BOOKMARK [1][-]{section*.239}{Practice Problems}{chapter.7}% 110
\BOOKMARK [1][-]{section*.240}{Selected Answers}{chapter.7}% 111
