This is pdfTeX, Version 3.14159265-2.6-1.40.20 (TeX Live 2019/W32TeX) (preloaded format=pdflatex 2020.1.24)  21 JAN 2021 11:05
entering extended mode
 restricted \write18 enabled.
 %&-line parsing enabled.
**college_algebra_full_text_2021.tex
(./college_algebra_full_text_2021.tex
LaTeX2e <2019-10-01> patch level 3
(c:/texlive/2019/texmf-dist/tex/latex/base/book.cls
Document Class: book 2019/10/25 v1.4k Standard LaTeX document class
(c:/texlive/2019/texmf-dist/tex/latex/base/bk12.clo
File: bk12.clo 2019/10/25 v1.4k Standard LaTeX file (size option)
)
\c@part=\count80
\c@chapter=\count81
\c@section=\count82
\c@subsection=\count83
\c@subsubsection=\count84
\c@paragraph=\count85
\c@subparagraph=\count86
\c@figure=\count87
\c@table=\count88
\abovecaptionskip=\skip41
\belowcaptionskip=\skip42
\bibindent=\dimen102
)
(c:/texlive/2019/texmf-dist/tex/latex/geometry/geometry.sty
Package: geometry 2020/01/02 v5.9 Page Geometry

(c:/texlive/2019/texmf-dist/tex/latex/graphics/keyval.sty
Package: keyval 2014/10/28 v1.15 key=value parser (DPC)
\KV@toks@=\toks14
)
(c:/texlive/2019/texmf-dist/tex/generic/iftex/ifvtex.sty
Package: ifvtex 2019/10/25 v1.7 ifvtex legacy package. Use iftex instead.

(c:/texlive/2019/texmf-dist/tex/generic/iftex/iftex.sty
Package: iftex 2019/11/07 v1.0c TeX engine tests
))
\Gm@cnth=\count89
\Gm@cntv=\count90
\c@Gm@tempcnt=\count91
\Gm@bindingoffset=\dimen103
\Gm@wd@mp=\dimen104
\Gm@odd@mp=\dimen105
\Gm@even@mp=\dimen106
\Gm@layoutwidth=\dimen107
\Gm@layoutheight=\dimen108
\Gm@layouthoffset=\dimen109
\Gm@layoutvoffset=\dimen110
\Gm@dimlist=\toks15
)
(c:/texlive/2019/texmf-dist/tex/latex/amsfonts/amssymb.sty
Package: amssymb 2013/01/14 v3.01 AMS font symbols

(c:/texlive/2019/texmf-dist/tex/latex/amsfonts/amsfonts.sty
Package: amsfonts 2013/01/14 v3.01 Basic AMSFonts support
\@emptytoks=\toks16
\symAMSa=\mathgroup4
\symAMSb=\mathgroup5
LaTeX Font Info:    Redeclaring math symbol \hbar on input line 98.
LaTeX Font Info:    Overwriting math alphabet `\mathfrak' in version `bold'
(Font)                  U/euf/m/n --> U/euf/b/n on input line 106.
))
(c:/texlive/2019/texmf-dist/tex/latex/amsmath/amsmath.sty
Package: amsmath 2019/11/16 v2.17d AMS math features
\@mathmargin=\skip43

For additional information on amsmath, use the `?' option.
(c:/texlive/2019/texmf-dist/tex/latex/amsmath/amstext.sty
Package: amstext 2000/06/29 v2.01 AMS text

(c:/texlive/2019/texmf-dist/tex/latex/amsmath/amsgen.sty
File: amsgen.sty 1999/11/30 v2.0 generic functions
\@emptytoks=\toks17
\ex@=\dimen111
))
(c:/texlive/2019/texmf-dist/tex/latex/amsmath/amsbsy.sty
Package: amsbsy 1999/11/29 v1.2d Bold Symbols
\pmbraise@=\dimen112
)
(c:/texlive/2019/texmf-dist/tex/latex/amsmath/amsopn.sty
Package: amsopn 2016/03/08 v2.02 operator names
)
\inf@bad=\count92
LaTeX Info: Redefining \frac on input line 227.
\uproot@=\count93
\leftroot@=\count94
LaTeX Info: Redefining \overline on input line 389.
\classnum@=\count95
\DOTSCASE@=\count96
LaTeX Info: Redefining \ldots on input line 486.
LaTeX Info: Redefining \dots on input line 489.
LaTeX Info: Redefining \cdots on input line 610.
\Mathstrutbox@=\box27
\strutbox@=\box28
\big@size=\dimen113
LaTeX Font Info:    Redeclaring font encoding OML on input line 733.
LaTeX Font Info:    Redeclaring font encoding OMS on input line 734.
\macc@depth=\count97
\c@MaxMatrixCols=\count98
\dotsspace@=\muskip10
\c@parentequation=\count99
\dspbrk@lvl=\count100
\tag@help=\toks18
\row@=\count101
\column@=\count102
\maxfields@=\count103
\andhelp@=\toks19
\eqnshift@=\dimen114
\alignsep@=\dimen115
\tagshift@=\dimen116
\tagwidth@=\dimen117
\totwidth@=\dimen118
\lineht@=\dimen119
\@envbody=\toks20
\multlinegap=\skip44
\multlinetaggap=\skip45
\mathdisplay@stack=\toks21
LaTeX Info: Redefining \[ on input line 2858.
LaTeX Info: Redefining \] on input line 2859.
)
(c:/texlive/2019/texmf-dist/tex/latex/amscls/amsthm.sty
Package: amsthm 2017/10/31 v2.20.4
\thm@style=\toks22
\thm@bodyfont=\toks23
\thm@headfont=\toks24
\thm@notefont=\toks25
\thm@headpunct=\toks26
\thm@preskip=\skip46
\thm@postskip=\skip47
\thm@headsep=\skip48
\dth@everypar=\toks27
)
(c:/texlive/2019/texmf-dist/tex/latex/chapterfolder/chapterfolder.sty
Package: chapterfolder 2005/11/24 v2.0 Package for dealing with folder

(c:/texlive/2019/texmf-dist/tex/latex/base/ifthen.sty
Package: ifthen 2014/09/29 v1.1c Standard LaTeX ifthen package (DPC)
)
\c@@cf@currentpos=\count104
)
(c:/texlive/2019/texmf-dist/tex/latex/docmute/docmute.sty
Package: docmute 2012/03/22 v1.4 Input stand-alone documents
)
(c:/texlive/2019/texmf-dist/tex/latex/setspace/setspace.sty
Package: setspace 2011/12/19 v6.7a set line spacing
)
(c:/texlive/2019/texmf-dist/tex/latex/cancel/cancel.sty
Package: cancel 2013/04/12 v2.2 Cancel math terms
)
(c:/texlive/2019/texmf-dist/tex/latex/tools/multicol.sty
Package: multicol 2019/03/01 v1.8w multicolumn formatting (FMi)
\c@tracingmulticols=\count105
\mult@box=\box29
\multicol@leftmargin=\dimen120
\c@unbalance=\count106
\c@collectmore=\count107
\doublecol@number=\count108
\multicoltolerance=\count109
\multicolpretolerance=\count110
\full@width=\dimen121
\page@free=\dimen122
\premulticols=\dimen123
\postmulticols=\dimen124
\multicolsep=\skip49
\multicolbaselineskip=\skip50
\partial@page=\box30
\last@line=\box31
\maxbalancingoverflow=\dimen125
\mult@rightbox=\box32
\mult@grightbox=\box33
\mult@gfirstbox=\box34
\mult@firstbox=\box35
\@tempa=\box36
\@tempa=\box37
\@tempa=\box38
\@tempa=\box39
\@tempa=\box40
\@tempa=\box41
\@tempa=\box42
\@tempa=\box43
\@tempa=\box44
\@tempa=\box45
\@tempa=\box46
\@tempa=\box47
\@tempa=\box48
\@tempa=\box49
\@tempa=\box50
\@tempa=\box51
\@tempa=\box52
\c@minrows=\count111
\c@columnbadness=\count112
\c@finalcolumnbadness=\count113
\last@try=\dimen126
\multicolovershoot=\dimen127
\multicolundershoot=\dimen128
\mult@nat@firstbox=\box53
\colbreak@box=\box54
\mc@col@check@num=\count114
)
(c:/texlive/2019/texmf-dist/tex/latex/pgf/frontendlayer/tikz.sty
(c:/texlive/2019/texmf-dist/tex/latex/pgf/basiclayer/pgf.sty
(c:/texlive/2019/texmf-dist/tex/latex/pgf/utilities/pgfrcs.sty
(c:/texlive/2019/texmf-dist/tex/generic/pgf/utilities/pgfutil-common.tex
\pgfutil@everybye=\toks28
\pgfutil@tempdima=\dimen129
\pgfutil@tempdimb=\dimen130

(c:/texlive/2019/texmf-dist/tex/generic/pgf/utilities/pgfutil-common-lists.tex)
) (c:/texlive/2019/texmf-dist/tex/generic/pgf/utilities/pgfutil-latex.def
\pgfutil@abb=\box55

(c:/texlive/2019/texmf-dist/tex/latex/ms/everyshi.sty
Package: everyshi 2001/05/15 v3.00 EveryShipout Package (MS)
))
(c:/texlive/2019/texmf-dist/tex/generic/pgf/utilities/pgfrcs.code.tex
(c:/texlive/2019/texmf-dist/tex/generic/pgf/pgf.revision.tex)
Package: pgfrcs 2020/01/08 v3.1.5b (3.1.5b)
))
Package: pgf 2020/01/08 v3.1.5b (3.1.5b)

(c:/texlive/2019/texmf-dist/tex/latex/pgf/basiclayer/pgfcore.sty
(c:/texlive/2019/texmf-dist/tex/latex/graphics/graphicx.sty
Package: graphicx 2017/06/01 v1.1a Enhanced LaTeX Graphics (DPC,SPQR)

(c:/texlive/2019/texmf-dist/tex/latex/graphics/graphics.sty
Package: graphics 2019/11/01 v1.3d Standard LaTeX Graphics (DPC,SPQR)

(c:/texlive/2019/texmf-dist/tex/latex/graphics/trig.sty
Package: trig 2016/01/03 v1.10 sin cos tan (DPC)
)
(c:/texlive/2019/texmf-dist/tex/latex/graphics-cfg/graphics.cfg
File: graphics.cfg 2016/06/04 v1.11 sample graphics configuration
)
Package graphics Info: Driver file: pdftex.def on input line 105.

(c:/texlive/2019/texmf-dist/tex/latex/graphics-def/pdftex.def
File: pdftex.def 2018/01/08 v1.0l Graphics/color driver for pdftex
))
\Gin@req@height=\dimen131
\Gin@req@width=\dimen132
)
(c:/texlive/2019/texmf-dist/tex/latex/pgf/systemlayer/pgfsys.sty
(c:/texlive/2019/texmf-dist/tex/generic/pgf/systemlayer/pgfsys.code.tex
Package: pgfsys 2020/01/08 v3.1.5b (3.1.5b)

(c:/texlive/2019/texmf-dist/tex/generic/pgf/utilities/pgfkeys.code.tex
\pgfkeys@pathtoks=\toks29
\pgfkeys@temptoks=\toks30

(c:/texlive/2019/texmf-dist/tex/generic/pgf/utilities/pgfkeysfiltered.code.tex
\pgfkeys@tmptoks=\toks31
))
\pgf@x=\dimen133
\pgf@y=\dimen134
\pgf@xa=\dimen135
\pgf@ya=\dimen136
\pgf@xb=\dimen137
\pgf@yb=\dimen138
\pgf@xc=\dimen139
\pgf@yc=\dimen140
\pgf@xd=\dimen141
\pgf@yd=\dimen142
\w@pgf@writea=\write3
\r@pgf@reada=\read1
\c@pgf@counta=\count115
\c@pgf@countb=\count116
\c@pgf@countc=\count117
\c@pgf@countd=\count118
\t@pgf@toka=\toks32
\t@pgf@tokb=\toks33
\t@pgf@tokc=\toks34
\pgf@sys@id@count=\count119
 (c:/texlive/2019/texmf-dist/tex/generic/pgf/systemlayer/pgf.cfg
File: pgf.cfg 2020/01/08 v3.1.5b (3.1.5b)
)
Driver file for pgf: pgfsys-pdftex.def

(c:/texlive/2019/texmf-dist/tex/generic/pgf/systemlayer/pgfsys-pdftex.def
File: pgfsys-pdftex.def 2020/01/08 v3.1.5b (3.1.5b)

(c:/texlive/2019/texmf-dist/tex/generic/pgf/systemlayer/pgfsys-common-pdf.def
File: pgfsys-common-pdf.def 2020/01/08 v3.1.5b (3.1.5b)
)))
(c:/texlive/2019/texmf-dist/tex/generic/pgf/systemlayer/pgfsyssoftpath.code.tex
File: pgfsyssoftpath.code.tex 2020/01/08 v3.1.5b (3.1.5b)
\pgfsyssoftpath@smallbuffer@items=\count120
\pgfsyssoftpath@bigbuffer@items=\count121
)
(c:/texlive/2019/texmf-dist/tex/generic/pgf/systemlayer/pgfsysprotocol.code.tex
File: pgfsysprotocol.code.tex 2020/01/08 v3.1.5b (3.1.5b)
)) (c:/texlive/2019/texmf-dist/tex/latex/xcolor/xcolor.sty
Package: xcolor 2016/05/11 v2.12 LaTeX color extensions (UK)

(c:/texlive/2019/texmf-dist/tex/latex/graphics-cfg/color.cfg
File: color.cfg 2016/01/02 v1.6 sample color configuration
)
Package xcolor Info: Driver file: pdftex.def on input line 225.
Package xcolor Info: Model `cmy' substituted by `cmy0' on input line 1348.
Package xcolor Info: Model `hsb' substituted by `rgb' on input line 1352.
Package xcolor Info: Model `RGB' extended on input line 1364.
Package xcolor Info: Model `HTML' substituted by `rgb' on input line 1366.
Package xcolor Info: Model `Hsb' substituted by `hsb' on input line 1367.
Package xcolor Info: Model `tHsb' substituted by `hsb' on input line 1368.
Package xcolor Info: Model `HSB' substituted by `hsb' on input line 1369.
Package xcolor Info: Model `Gray' substituted by `gray' on input line 1370.
Package xcolor Info: Model `wave' substituted by `hsb' on input line 1371.
)
(c:/texlive/2019/texmf-dist/tex/generic/pgf/basiclayer/pgfcore.code.tex
Package: pgfcore 2020/01/08 v3.1.5b (3.1.5b)

(c:/texlive/2019/texmf-dist/tex/generic/pgf/math/pgfmath.code.tex
(c:/texlive/2019/texmf-dist/tex/generic/pgf/math/pgfmathcalc.code.tex
(c:/texlive/2019/texmf-dist/tex/generic/pgf/math/pgfmathutil.code.tex)
(c:/texlive/2019/texmf-dist/tex/generic/pgf/math/pgfmathparser.code.tex
\pgfmath@dimen=\dimen143
\pgfmath@count=\count122
\pgfmath@box=\box56
\pgfmath@toks=\toks35
\pgfmath@stack@operand=\toks36
\pgfmath@stack@operation=\toks37
)
(c:/texlive/2019/texmf-dist/tex/generic/pgf/math/pgfmathfunctions.code.tex
(c:/texlive/2019/texmf-dist/tex/generic/pgf/math/pgfmathfunctions.basic.code.te
x)
(c:/texlive/2019/texmf-dist/tex/generic/pgf/math/pgfmathfunctions.trigonometric
.code.tex)
(c:/texlive/2019/texmf-dist/tex/generic/pgf/math/pgfmathfunctions.random.code.t
ex)
(c:/texlive/2019/texmf-dist/tex/generic/pgf/math/pgfmathfunctions.comparison.co
de.tex)
(c:/texlive/2019/texmf-dist/tex/generic/pgf/math/pgfmathfunctions.base.code.tex
)
(c:/texlive/2019/texmf-dist/tex/generic/pgf/math/pgfmathfunctions.round.code.te
x)
(c:/texlive/2019/texmf-dist/tex/generic/pgf/math/pgfmathfunctions.misc.code.tex
)
(c:/texlive/2019/texmf-dist/tex/generic/pgf/math/pgfmathfunctions.integerarithm
etics.code.tex)))
(c:/texlive/2019/texmf-dist/tex/generic/pgf/math/pgfmathfloat.code.tex
\c@pgfmathroundto@lastzeros=\count123
))
(c:/texlive/2019/texmf-dist/tex/generic/pgf/math/pgfint.code.tex)
(c:/texlive/2019/texmf-dist/tex/generic/pgf/basiclayer/pgfcorepoints.code.tex
File: pgfcorepoints.code.tex 2020/01/08 v3.1.5b (3.1.5b)
\pgf@picminx=\dimen144
\pgf@picmaxx=\dimen145
\pgf@picminy=\dimen146
\pgf@picmaxy=\dimen147
\pgf@pathminx=\dimen148
\pgf@pathmaxx=\dimen149
\pgf@pathminy=\dimen150
\pgf@pathmaxy=\dimen151
\pgf@xx=\dimen152
\pgf@xy=\dimen153
\pgf@yx=\dimen154
\pgf@yy=\dimen155
\pgf@zx=\dimen156
\pgf@zy=\dimen157
)
(c:/texlive/2019/texmf-dist/tex/generic/pgf/basiclayer/pgfcorepathconstruct.cod
e.tex
File: pgfcorepathconstruct.code.tex 2020/01/08 v3.1.5b (3.1.5b)
\pgf@path@lastx=\dimen158
\pgf@path@lasty=\dimen159
)
(c:/texlive/2019/texmf-dist/tex/generic/pgf/basiclayer/pgfcorepathusage.code.te
x
File: pgfcorepathusage.code.tex 2020/01/08 v3.1.5b (3.1.5b)
\pgf@shorten@end@additional=\dimen160
\pgf@shorten@start@additional=\dimen161
)
(c:/texlive/2019/texmf-dist/tex/generic/pgf/basiclayer/pgfcorescopes.code.tex
File: pgfcorescopes.code.tex 2020/01/08 v3.1.5b (3.1.5b)
\pgfpic=\box57
\pgf@hbox=\box58
\pgf@layerbox@main=\box59
\pgf@picture@serial@count=\count124
)
(c:/texlive/2019/texmf-dist/tex/generic/pgf/basiclayer/pgfcoregraphicstate.code
.tex
File: pgfcoregraphicstate.code.tex 2020/01/08 v3.1.5b (3.1.5b)
\pgflinewidth=\dimen162
)
(c:/texlive/2019/texmf-dist/tex/generic/pgf/basiclayer/pgfcoretransformations.c
ode.tex
File: pgfcoretransformations.code.tex 2020/01/08 v3.1.5b (3.1.5b)
\pgf@pt@x=\dimen163
\pgf@pt@y=\dimen164
\pgf@pt@temp=\dimen165
)
(c:/texlive/2019/texmf-dist/tex/generic/pgf/basiclayer/pgfcorequick.code.tex
File: pgfcorequick.code.tex 2020/01/08 v3.1.5b (3.1.5b)
)
(c:/texlive/2019/texmf-dist/tex/generic/pgf/basiclayer/pgfcoreobjects.code.tex
File: pgfcoreobjects.code.tex 2020/01/08 v3.1.5b (3.1.5b)
)
(c:/texlive/2019/texmf-dist/tex/generic/pgf/basiclayer/pgfcorepathprocessing.co
de.tex
File: pgfcorepathprocessing.code.tex 2020/01/08 v3.1.5b (3.1.5b)
)
(c:/texlive/2019/texmf-dist/tex/generic/pgf/basiclayer/pgfcorearrows.code.tex
File: pgfcorearrows.code.tex 2020/01/08 v3.1.5b (3.1.5b)
\pgfarrowsep=\dimen166
)
(c:/texlive/2019/texmf-dist/tex/generic/pgf/basiclayer/pgfcoreshade.code.tex
File: pgfcoreshade.code.tex 2020/01/08 v3.1.5b (3.1.5b)
\pgf@max=\dimen167
\pgf@sys@shading@range@num=\count125
\pgf@shadingcount=\count126
)
(c:/texlive/2019/texmf-dist/tex/generic/pgf/basiclayer/pgfcoreimage.code.tex
File: pgfcoreimage.code.tex 2020/01/08 v3.1.5b (3.1.5b)

(c:/texlive/2019/texmf-dist/tex/generic/pgf/basiclayer/pgfcoreexternal.code.tex
File: pgfcoreexternal.code.tex 2020/01/08 v3.1.5b (3.1.5b)
\pgfexternal@startupbox=\box60
))
(c:/texlive/2019/texmf-dist/tex/generic/pgf/basiclayer/pgfcorelayers.code.tex
File: pgfcorelayers.code.tex 2020/01/08 v3.1.5b (3.1.5b)
)
(c:/texlive/2019/texmf-dist/tex/generic/pgf/basiclayer/pgfcoretransparency.code
.tex
File: pgfcoretransparency.code.tex 2020/01/08 v3.1.5b (3.1.5b)
)
(c:/texlive/2019/texmf-dist/tex/generic/pgf/basiclayer/pgfcorepatterns.code.tex
File: pgfcorepatterns.code.tex 2020/01/08 v3.1.5b (3.1.5b)
) (c:/texlive/2019/texmf-dist/tex/generic/pgf/basiclayer/pgfcorerdf.code.tex
File: pgfcorerdf.code.tex 2020/01/08 v3.1.5b (3.1.5b)
))) (c:/texlive/2019/texmf-dist/tex/generic/pgf/modules/pgfmoduleshapes.code.te
x
File: pgfmoduleshapes.code.tex 2020/01/08 v3.1.5b (3.1.5b)
\pgfnodeparttextbox=\box61
)
(c:/texlive/2019/texmf-dist/tex/generic/pgf/modules/pgfmoduleplot.code.tex
File: pgfmoduleplot.code.tex 2020/01/08 v3.1.5b (3.1.5b)
)
(c:/texlive/2019/texmf-dist/tex/latex/pgf/compatibility/pgfcomp-version-0-65.st
y
Package: pgfcomp-version-0-65 2020/01/08 v3.1.5b (3.1.5b)
\pgf@nodesepstart=\dimen168
\pgf@nodesepend=\dimen169
)
(c:/texlive/2019/texmf-dist/tex/latex/pgf/compatibility/pgfcomp-version-1-18.st
y
Package: pgfcomp-version-1-18 2020/01/08 v3.1.5b (3.1.5b)
)) (c:/texlive/2019/texmf-dist/tex/latex/pgf/utilities/pgffor.sty
(c:/texlive/2019/texmf-dist/tex/latex/pgf/utilities/pgfkeys.sty
(c:/texlive/2019/texmf-dist/tex/generic/pgf/utilities/pgfkeys.code.tex))
(c:/texlive/2019/texmf-dist/tex/latex/pgf/math/pgfmath.sty
(c:/texlive/2019/texmf-dist/tex/generic/pgf/math/pgfmath.code.tex))
(c:/texlive/2019/texmf-dist/tex/generic/pgf/utilities/pgffor.code.tex
Package: pgffor 2020/01/08 v3.1.5b (3.1.5b)

(c:/texlive/2019/texmf-dist/tex/generic/pgf/math/pgfmath.code.tex)
\pgffor@iter=\dimen170
\pgffor@skip=\dimen171
\pgffor@stack=\toks38
\pgffor@toks=\toks39
))
(c:/texlive/2019/texmf-dist/tex/generic/pgf/frontendlayer/tikz/tikz.code.tex
Package: tikz 2020/01/08 v3.1.5b (3.1.5b)

(c:/texlive/2019/texmf-dist/tex/generic/pgf/libraries/pgflibraryplothandlers.co
de.tex
File: pgflibraryplothandlers.code.tex 2020/01/08 v3.1.5b (3.1.5b)
\pgf@plot@mark@count=\count127
\pgfplotmarksize=\dimen172
)
\tikz@lastx=\dimen173
\tikz@lasty=\dimen174
\tikz@lastxsaved=\dimen175
\tikz@lastysaved=\dimen176
\tikz@lastmovetox=\dimen177
\tikz@lastmovetoy=\dimen178
\tikzleveldistance=\dimen179
\tikzsiblingdistance=\dimen180
\tikz@figbox=\box62
\tikz@figbox@bg=\box63
\tikz@tempbox=\box64
\tikz@tempbox@bg=\box65
\tikztreelevel=\count128
\tikznumberofchildren=\count129
\tikznumberofcurrentchild=\count130
\tikz@fig@count=\count131

(c:/texlive/2019/texmf-dist/tex/generic/pgf/modules/pgfmodulematrix.code.tex
File: pgfmodulematrix.code.tex 2020/01/08 v3.1.5b (3.1.5b)
\pgfmatrixcurrentrow=\count132
\pgfmatrixcurrentcolumn=\count133
\pgf@matrix@numberofcolumns=\count134
)
\tikz@expandcount=\count135

(c:/texlive/2019/texmf-dist/tex/generic/pgf/frontendlayer/tikz/libraries/tikzli
brarytopaths.code.tex
File: tikzlibrarytopaths.code.tex 2020/01/08 v3.1.5b (3.1.5b)
)))
(c:/texlive/2019/texmf-dist/tex/latex/tools/verbatim.sty
Package: verbatim 2019/11/10 v1.5r LaTeX2e package for verbatim enhancements
\every@verbatim=\toks40
\verbatim@line=\toks41
\verbatim@in@stream=\read2
)
(c:/texlive/2019/texmf-dist/tex/latex/framed/framed.sty
Package: framed 2011/10/22 v 0.96: framed or shaded text with page breaks
\OuterFrameSep=\skip51
\fb@frw=\dimen181
\fb@frh=\dimen182
\FrameRule=\dimen183
\FrameSep=\dimen184
)
(c:/texlive/2019/texmf-dist/tex/latex/polynom/polynom.sty
Package: polynom 2017/07/17 0.19 (CH,HA)
\pld@currstage=\count136
)
(c:/texlive/2019/texmf-dist/tex/latex/enumitem/enumitem.sty
Package: enumitem 2019/06/20 v3.9 Customized lists
\labelindent=\skip52
\enit@outerparindent=\dimen185
\enit@toks=\toks42
\enit@inbox=\box66
\enit@count@id=\count137
\enitdp@description=\count138
)
(c:/texlive/2019/texmf-dist/tex/latex/tikzpagenodes/tikzpagenodes.sty
Package: tikzpagenodes 2012/09/16 v1.1 Special PGF/TikZ nodes for areas of the 
page

(c:/texlive/2019/texmf-dist/tex/latex/ifoddpage/ifoddpage.sty
Package: ifoddpage 2016/04/23 v1.1 Conditionals for odd/even page detection
\c@checkoddpage=\count139
))
(c:/texlive/2019/texmf-dist/tex/latex/hyperref/hyperref.sty
Package: hyperref 2020/01/14 v7.00d Hypertext links for LaTeX

(c:/texlive/2019/texmf-dist/tex/generic/ltxcmds/ltxcmds.sty
Package: ltxcmds 2019/12/15 v1.24 LaTeX kernel commands for general use (HO)
)
(c:/texlive/2019/texmf-dist/tex/latex/pdftexcmds/pdftexcmds.sty
Package: pdftexcmds 2019/11/24 v0.31 Utility functions of pdfTeX for LuaTeX (HO
)

(c:/texlive/2019/texmf-dist/tex/generic/infwarerr/infwarerr.sty
Package: infwarerr 2019/12/03 v1.5 Providing info/warning/error messages (HO)
)
Package pdftexcmds Info: \pdf@primitive is available.
Package pdftexcmds Info: \pdf@ifprimitive is available.
Package pdftexcmds Info: \pdfdraftmode found.
)
(c:/texlive/2019/texmf-dist/tex/generic/kvsetkeys/kvsetkeys.sty
Package: kvsetkeys 2019/12/15 v1.18 Key value parser (HO)
)
(c:/texlive/2019/texmf-dist/tex/generic/kvdefinekeys/kvdefinekeys.sty
Package: kvdefinekeys 2019-12-19 v1.6 Define keys (HO)
)
(c:/texlive/2019/texmf-dist/tex/generic/pdfescape/pdfescape.sty
Package: pdfescape 2019/12/09 v1.15 Implements pdfTeX's escape features (HO)
)
(c:/texlive/2019/texmf-dist/tex/latex/hycolor/hycolor.sty
Package: hycolor 2019/12/15 v1.9 Color options for hyperref/bookmark (HO)

(c:/texlive/2019/texmf-dist/tex/latex/hycolor/xcolor-patch.sty
Package: xcolor-patch 2019/12/15 xcolor patch

(c:/texlive/2019/texmf-dist/tex/latex/oberdiek/hopatch.sty
Package: hopatch 2016/05/16 v1.3 Wrapper for package hooks (HO)
)))
(c:/texlive/2019/texmf-dist/tex/latex/letltxmacro/letltxmacro.sty
Package: letltxmacro 2019/12/03 v1.6 Let assignment for LaTeX macros (HO)
)
(c:/texlive/2019/texmf-dist/tex/latex/auxhook/auxhook.sty
Package: auxhook 2019-12-17 v1.6 Hooks for auxiliary files (HO)


Package auxhook Warning: Cannot patch \document,
(auxhook)                using \AtBeginDocument instead.

) (c:/texlive/2019/texmf-dist/tex/latex/kvoptions/kvoptions.sty
Package: kvoptions 2019/11/29 v3.13 Key value format for package options (HO)
)
\@linkdim=\dimen186
\Hy@linkcounter=\count140
\Hy@pagecounter=\count141

(c:/texlive/2019/texmf-dist/tex/latex/hyperref/pd1enc.def
File: pd1enc.def 2020/01/14 v7.00d Hyperref: PDFDocEncoding definition (HO)
Now handling font encoding PD1 ...
... no UTF-8 mapping file for font encoding PD1
)
(c:/texlive/2019/texmf-dist/tex/generic/intcalc/intcalc.sty
Package: intcalc 2019/12/15 v1.3 Expandable calculations with integers (HO)
)
(c:/texlive/2019/texmf-dist/tex/generic/etexcmds/etexcmds.sty
Package: etexcmds 2019/12/15 v1.7 Avoid name clashes with e-TeX commands (HO)
)
\Hy@SavedSpaceFactor=\count142
\pdfmajorversion=\count143
Package hyperref Info: Option `colorlinks' set `true' on input line 4421.
Package hyperref Info: Option `hyperindex' set `true' on input line 4421.
Package hyperref Info: Option `plainpages' set `false' on input line 4421.
Package hyperref Info: Option `pdfpagelabels' set `true' on input line 4421.
Package hyperref Info: Hyper figures OFF on input line 4547.
Package hyperref Info: Link nesting OFF on input line 4552.
Package hyperref Info: Hyper index ON on input line 4555.
Package hyperref Info: Plain pages OFF on input line 4562.
Package hyperref Info: Backreferencing OFF on input line 4567.
Package hyperref Info: Implicit mode ON; LaTeX internals redefined.
Package hyperref Info: Bookmarks ON on input line 4800.
\c@Hy@tempcnt=\count144

(c:/texlive/2019/texmf-dist/tex/latex/url/url.sty
\Urlmuskip=\muskip11
Package: url 2013/09/16  ver 3.4  Verb mode for urls, etc.
)
LaTeX Info: Redefining \url on input line 5159.
\XeTeXLinkMargin=\dimen187

(c:/texlive/2019/texmf-dist/tex/generic/bitset/bitset.sty
Package: bitset 2019/12/09 v1.3 Handle bit-vector datatype (HO)

(c:/texlive/2019/texmf-dist/tex/generic/bigintcalc/bigintcalc.sty
Package: bigintcalc 2019/12/15 v1.5 Expandable calculations on big integers (HO
)
))
\Fld@menulength=\count145
\Field@Width=\dimen188
\Fld@charsize=\dimen189
Package hyperref Info: Hyper figures OFF on input line 6430.
Package hyperref Info: Link nesting OFF on input line 6435.
Package hyperref Info: Hyper index ON on input line 6438.
Package hyperref Info: backreferencing OFF on input line 6445.
Package hyperref Info: Link coloring ON on input line 6448.
Package hyperref Info: Link coloring with OCG OFF on input line 6455.
Package hyperref Info: PDF/A mode OFF on input line 6460.
LaTeX Info: Redefining \ref on input line 6500.
LaTeX Info: Redefining \pageref on input line 6504.

(c:/texlive/2019/texmf-dist/tex/generic/atbegshi/atbegshi.sty
Package: atbegshi 2019/12/05 v1.19 At begin shipout hook (HO)
)
\Hy@abspage=\count146
\c@Item=\count147
\c@Hfootnote=\count148
)
Package hyperref Info: Driver (autodetected): hpdftex.

(c:/texlive/2019/texmf-dist/tex/latex/hyperref/hpdftex.def
File: hpdftex.def 2020/01/14 v7.00d Hyperref driver for pdfTeX

(c:/texlive/2019/texmf-dist/tex/latex/atveryend/atveryend.sty
Package: atveryend 2019-12-11 v1.11 Hooks at the very end of document (HO)
Package atveryend Info: \enddocument detected (standard20110627).
Package atveryend Info: \docmute@enddocument detected (standard20110627).
)
\Fld@listcount=\count149
\c@bookmark@seq@number=\count150

(c:/texlive/2019/texmf-dist/tex/latex/rerunfilecheck/rerunfilecheck.sty
Package: rerunfilecheck 2019/12/05 v1.9 Rerun checks for auxiliary files (HO)

(c:/texlive/2019/texmf-dist/tex/generic/uniquecounter/uniquecounter.sty
Package: uniquecounter 2019/12/15 v1.4 Provide unlimited unique counter (HO)
)
Package uniquecounter Info: New unique counter `rerunfilecheck' on input line 2
86.
)
\Hy@SectionHShift=\skip53
)
(c:/texlive/2019/texmf-dist/tex/latex/doclicense/doclicense.sty
Package: doclicense 2019/06/05 v1.10.0 Support for putting documents under a li
cense

(c:/texlive/2019/texmf-dist/tex/latex/xifthen/xifthen.sty
Package: xifthen 2015/11/05 v1.4.0 Extended ifthen features

(c:/texlive/2019/texmf-dist/tex/latex/tools/calc.sty
Package: calc 2017/05/25 v4.3 Infix arithmetic (KKT,FJ)
\calc@Acount=\count151
\calc@Bcount=\count152
\calc@Adimen=\dimen190
\calc@Bdimen=\dimen191
\calc@Askip=\skip54
\calc@Bskip=\skip55
LaTeX Info: Redefining \setlength on input line 80.
LaTeX Info: Redefining \addtolength on input line 81.
\calc@Ccount=\count153
\calc@Cskip=\skip56
)
(c:/texlive/2019/texmf-dist/tex/latex/ifmtarg/ifmtarg.sty
Package: ifmtarg 2018/04/16 v1.2b check for an empty argument
))
(c:/texlive/2019/texmf-dist/tex/latex/etoolbox/etoolbox.sty
Package: etoolbox 2019/09/21 v2.5h e-TeX tools for LaTeX (JAW)
\etb@tempcnta=\count154
)
(c:/texlive/2019/texmf-dist/tex/latex/tools/xspace.sty
Package: xspace 2014/10/28 v1.13 Space after command names (DPC,MH)
)
\doclicense@hsize=\skip57

(c:/texlive/2019/texmf-dist/tex/latex/doclicense/doclicense-english.ldf
File: doclicense-english.ldf 
))
(c:/texlive/2019/texmf-dist/tex/latex/import/import.sty
Package: import 2009/03/23  v 5.1
)
\c@example=\count155
 (./lesson_order.tex
\c@lesson_solving_linear_equations=\count156
\c@lesson_equations_containing_absolute_values=\count157
\c@lesson_graphing_lines=\count158
\c@lesson_two_forms_of_a_linear_equation=\count159
\c@lesson_parallel_and_perpendicular_lines=\count160
\c@lesson_linear_inequalities=\count161
\c@lesson_compound_inequalities=\count162
\c@lesson_inequalities_containing_absolute_values=\count163
\c@lesson_graphing_systems=\count164
\c@lesson_substitution=\count165
\c@lesson_elimination=\count166
\c@lesson_quadratics_introduction=\count167
\c@lesson_factoring_GCF=\count168
\c@lesson_factoring_grouping=\count169
\c@lesson_factoring_trinomials_a_is_1=\count170
\c@lesson_factoring_trinomials_a_neq_1=\count171
\c@lesson_solving_by_factoring=\count172
\c@lesson_square_roots=\count173
\c@lesson_i_and_complex_numbers=\count174
\c@lesson_vertex_form_and_graphing=\count175
\c@lesson_solve_by_square_roots=\count176
\c@lesson_extracting_square_roots=\count177
\c@lesson_the_discriminant=\count178
\c@lesson_the_quadratic_formula=\count179
\c@lesson_quadratic_inequalities=\count180
\c@lesson_functions_and_relations=\count181
\c@lesson_evaluating_functions=\count182
\c@lesson_finding_domain_and_range_graphically=\count183
\c@lesson_fundamental_functions=\count184
\c@lesson_finding_domain_algebraically=\count185
\c@lesson_solving_functions=\count186
\c@lesson_function_arithmetic=\count187
\c@lesson_composite_functions=\count188
\c@lesson_inverse_functions_definition_and_HLT=\count189
\c@lesson_finding_an_inverse_function=\count190
\c@lesson_transformations_translations=\count191
\c@lesson_transformations_reflections=\count192
\c@lesson_transformations_scalings=\count193
\c@lesson_transformations_summary=\count194
\c@lesson_piecewise_functions=\count195
\c@lesson_functions_containing_absolute_values=\count196
\c@lesson_absolute_as_piecewise=\count197
\c@lesson_polynomials_introduction=\count198
\c@lesson_sign_diagrams_polynomials=\count199
\c@lesson_factoring_quadratic_type=\count266
\c@lesson_factoring_summary=\count267
\c@lesson_polynomial_division=\count268
\c@lesson_synthetic_division=\count269
\c@lesson_end_behavior_polynomials=\count270
\c@lesson_local_behavior_polynomials=\count271
\c@lesson_rational_root_theorem=\count272
\c@lesson_polynomials_graphing_summary=\count273
\c@lesson_polynomial_inequalities=\count274
\c@lesson_rationals_introduction_and_terminology=\count275
\c@lesson_sign_diagrams_rationals=\count276
\c@lesson_horizontal_asymptotes=\count277
\c@lesson_slant_and_curvilinear_asymptotes=\count278
\c@lesson_vertical_asymptotes=\count279
\c@lesson_holes=\count280
\c@lesson_rationals_graphing_summary=\count281
)
\c@oddenumeratei=\count282
\enitdp@oddenumerate=\count283
\gpten=\count284

(c:/texlive/2019/texmf-dist/tex/latex/csquotes/csquotes.sty
Package: csquotes 2019-12-06 v5.2j context-sensitive quotations (JAW)
\csq@reset=\count285
\csq@gtype=\count286
\csq@glevel=\count287
\csq@qlevel=\count288
\csq@maxlvl=\count289
\csq@tshold=\count290
\csq@ltx@everypar=\toks43

(c:/texlive/2019/texmf-dist/tex/latex/csquotes/csquotes.def
File: csquotes.def 2019-12-06 v5.2j csquotes generic definitions (JAW)
)
Package csquotes Info: Trying to load configuration file 'csquotes.cfg'...
Package csquotes Info: ... configuration file loaded successfully.

(c:/texlive/2019/texmf-dist/tex/latex/csquotes/csquotes.cfg
File: csquotes.cfg 
))
(c:/texlive/2019/texmf-dist/tex/latex/ccicons/ccicons.sty
Package: ccicons 2017/10/30 v1.6 LaTeX support for Creative Commons icons

(c:/texlive/2019/texmf-dist/tex/latex/xkeyval/xkeyval.sty
Package: xkeyval 2014/12/03 v2.7a package option processing (HA)

(c:/texlive/2019/texmf-dist/tex/generic/xkeyval/xkeyval.tex
(c:/texlive/2019/texmf-dist/tex/generic/xkeyval/xkvutils.tex
\XKV@toks=\toks44
\XKV@tempa@toks=\toks45
)
\XKV@depth=\count291
File: xkeyval.tex 2014/12/03 v2.7a key=value parser (HA)
)))
(./college_algebra_full_text_2021.aux)
\openout1 = `college_algebra_full_text_2021.aux'.

LaTeX Font Info:    Checking defaults for OML/cmm/m/it on input line 64.
LaTeX Font Info:    ... okay on input line 64.
LaTeX Font Info:    Checking defaults for T1/cmr/m/n on input line 64.
LaTeX Font Info:    ... okay on input line 64.
LaTeX Font Info:    Checking defaults for OT1/cmr/m/n on input line 64.
LaTeX Font Info:    ... okay on input line 64.
LaTeX Font Info:    Checking defaults for OMS/cmsy/m/n on input line 64.
LaTeX Font Info:    ... okay on input line 64.
LaTeX Font Info:    Checking defaults for OMX/cmex/m/n on input line 64.
LaTeX Font Info:    ... okay on input line 64.
LaTeX Font Info:    Checking defaults for U/cmr/m/n on input line 64.
LaTeX Font Info:    ... okay on input line 64.
LaTeX Font Info:    Checking defaults for PD1/pdf/m/n on input line 64.
LaTeX Font Info:    ... okay on input line 64.

*geometry* driver: auto-detecting
*geometry* detected driver: pdftex
*geometry* verbose mode - [ preamble ] result:
* driver: pdftex
* paper: <default>
* layout: <same size as paper>
* layoutoffset:(h,v)=(0.0pt,0.0pt)
* modes: twoside 
* h-part:(L,W,R)=(72.26999pt, 469.75502pt, 72.26999pt)
* v-part:(T,H,B)=(72.26999pt, 650.43001pt, 72.26999pt)
* \paperwidth=614.295pt
* \paperheight=794.96999pt
* \textwidth=469.75502pt
* \textheight=650.43001pt
* \oddsidemargin=0.0pt
* \evensidemargin=0.0pt
* \topmargin=-30.06749pt
* \headheight=12.0pt
* \headsep=18.06749pt
* \topskip=12.0pt
* \footskip=30.0pt
* \marginparwidth=98.0pt
* \marginparsep=7.0pt
* \columnsep=10.0pt
* \skip\footins=10.8pt plus 4.0pt minus 2.0pt
* \hoffset=0.0pt
* \voffset=0.0pt
* \mag=1000
* \@twocolumnfalse
* \@twosidetrue
* \@mparswitchtrue
* \@reversemarginfalse
* (1in=72.27pt=25.4mm, 1cm=28.453pt)

ABD: EveryShipout initializing macros
(c:/texlive/2019/texmf-dist/tex/context/base/mkii/supp-pdf.mkii
[Loading MPS to PDF converter (version 2006.09.02).]
\scratchcounter=\count292
\scratchdimen=\dimen192
\scratchbox=\box67
\nofMPsegments=\count293
\nofMParguments=\count294
\everyMPshowfont=\toks46
\MPscratchCnt=\count295
\MPscratchDim=\dimen193
\MPnumerator=\count296
\makeMPintoPDFobject=\count297
\everyMPtoPDFconversion=\toks47
) (c:/texlive/2019/texmf-dist/tex/latex/epstopdf-pkg/epstopdf-base.sty
Package: epstopdf-base 2019-12-09 v2.10 Base part for package epstopdf
Package epstopdf-base Info: Redefining graphics rule for `.eps' on input line 4
85.

(c:/texlive/2019/texmf-dist/tex/latex/latexconfig/epstopdf-sys.cfg
File: epstopdf-sys.cfg 2010/07/13 v1.3 Configuration of (r)epstopdf for TeX Liv
e
))
\AtBeginShipoutBox=\box68
Package hyperref Info: Link coloring ON on input line 64.

(c:/texlive/2019/texmf-dist/tex/latex/hyperref/nameref.sty
Package: nameref 2019/09/16 v2.46 Cross-referencing by name of section

(c:/texlive/2019/texmf-dist/tex/latex/refcount/refcount.sty
Package: refcount 2019/12/15 v3.6 Data extraction from label references (HO)
)
(c:/texlive/2019/texmf-dist/tex/generic/gettitlestring/gettitlestring.sty
Package: gettitlestring 2019/12/15 v1.6 Cleanup title references (HO)
)
\c@section@level=\count298
)
LaTeX Info: Redefining \ref on input line 64.
LaTeX Info: Redefining \pageref on input line 64.
LaTeX Info: Redefining \nameref on input line 64.

(./college_algebra_full_text_2021.out) (./college_algebra_full_text_2021.out)
\@outlinefile=\write4
\openout4 = `college_algebra_full_text_2021.out'.

\docmute@nestinglevel=\count299

(./book_cover_sheet.tex [1

{c:/texlive/2019/texmf-var/fonts/map/pdftex/updmap/pdftex.map}]
<doclicense-CC-by-nc-sa.pdf, id=461, 121.45375pt x 43.16125pt>
File: doclicense-CC-by-nc-sa.pdf Graphic file (type pdf)
<use doclicense-CC-by-nc-sa.pdf>
Package pdftex.def Info: doclicense-CC-by-nc-sa.pdf  used on input line 36.
(pdftex.def)             Requested size: 58.74939pt x 20.87785pt.

Underfull \hbox (badness 10000) in paragraph at lines 36--37

 []


Underfull \hbox (badness 10000) in paragraph at lines 38--41

 []

LaTeX Font Info:    Trying to load font information for OMS+cmr on input line 4
9.
(c:/texlive/2019/texmf-dist/tex/latex/base/omscmr.fd
File: omscmr.fd 2014/09/29 v2.5h Standard LaTeX font definitions
)
LaTeX Font Info:    Font shape `OMS/cmr/m/n' in size <12> not available
(Font)              Font shape `OMS/cmsy/m/n' tried instead on input line 49.
 [2 <c:/texlive/2019/texmf-dist/tex/latex/doclicense/images/doclicense-CC-by-nc
-sa.pdf>])
(./college_algebra_full_text_2021.toc
LaTeX Font Info:    Trying to load font information for U+msa on input line 2.

(c:/texlive/2019/texmf-dist/tex/latex/amsfonts/umsa.fd
File: umsa.fd 2013/01/14 v3.01 AMS symbols A
)
LaTeX Font Info:    Trying to load font information for U+msb on input line 2.

(c:/texlive/2019/texmf-dist/tex/latex/amsfonts/umsb.fd
File: umsb.fd 2013/01/14 v3.01 AMS symbols B
) [3

] [4] [5] [6])
\tf@toc=\write5
\openout5 = `college_algebra_full_text_2021.toc'.


[7]
Underfull \hbox (badness 10000) in paragraph at lines 69--72

 []


Underfull \hbox (badness 10000) in paragraph at lines 69--72

 []

[8] (./book_measurable_outcomes.tex
File: doclicense-CC-by-nc-sa.pdf Graphic file (type pdf)
<use doclicense-CC-by-nc-sa.pdf>
Package pdftex.def Info: doclicense-CC-by-nc-sa.pdf  used on input line 21.
(pdftex.def)             Requested size: 58.74939pt x 20.87785pt.

Underfull \hbox (badness 10000) in paragraph at lines 20--22

 []


Underfull \hbox (badness 10000) in paragraph at lines 25--26

 []


Underfull \hbox (badness 10000) in paragraph at lines 26--27

 []


Underfull \hbox (badness 10000) in paragraph at lines 27--28

 []


Underfull \hbox (badness 10000) in paragraph at lines 28--29

 []


Underfull \hbox (badness 10000) in paragraph at lines 29--31

 []


Underfull \hbox (badness 10000) in paragraph at lines 31--32

 []


Underfull \hbox (badness 10000) in paragraph at lines 32--33

 []


Underfull \hbox (badness 10000) in paragraph at lines 33--34

 []


Underfull \hbox (badness 10000) in paragraph at lines 34--35

 []


Underfull \hbox (badness 10000) in paragraph at lines 35--36

 []


Underfull \hbox (badness 10000) in paragraph at lines 36--37

 []


Underfull \hbox (badness 10000) in paragraph at lines 37--38

 []


Underfull \hbox (badness 10000) in paragraph at lines 38--39

 []


Underfull \hbox (badness 10000) in paragraph at lines 39--40

 []

[9]
Underfull \hbox (badness 10000) in paragraph at lines 41--42

 []


Underfull \hbox (badness 10000) in paragraph at lines 42--43

 []


Underfull \hbox (badness 10000) in paragraph at lines 43--44

 []


Underfull \hbox (badness 10000) in paragraph at lines 44--45

 []


Underfull \hbox (badness 10000) in paragraph at lines 45--46

 []


Underfull \hbox (badness 10000) in paragraph at lines 46--47

 []


Underfull \hbox (badness 10000) in paragraph at lines 47--48

 []


Underfull \hbox (badness 10000) in paragraph at lines 48--49

 []


Underfull \hbox (badness 10000) in paragraph at lines 49--50

 []


Underfull \hbox (badness 10000) in paragraph at lines 50--51

 []


Underfull \hbox (badness 10000) in paragraph at lines 51--52

 []


Underfull \hbox (badness 10000) in paragraph at lines 52--53

 []


Underfull \hbox (badness 10000) in paragraph at lines 53--54

 []


Underfull \hbox (badness 10000) in paragraph at lines 54--55

 []


Underfull \hbox (badness 10000) in paragraph at lines 55--56

 []

[10]
Underfull \hbox (badness 10000) in paragraph at lines 58--59

 []


Underfull \hbox (badness 10000) in paragraph at lines 59--60

 []


Underfull \hbox (badness 10000) in paragraph at lines 60--61

 []


Underfull \hbox (badness 10000) in paragraph at lines 61--62

 []


Underfull \hbox (badness 10000) in paragraph at lines 62--63

 []


Underfull \hbox (badness 10000) in paragraph at lines 63--64

 []


Underfull \hbox (badness 10000) in paragraph at lines 64--65

 []


Underfull \hbox (badness 10000) in paragraph at lines 65--66

 []


Underfull \hbox (badness 10000) in paragraph at lines 66--67

 []


Underfull \hbox (badness 10000) in paragraph at lines 67--68

 []


Underfull \hbox (badness 10000) in paragraph at lines 68--69

 []


Underfull \hbox (badness 10000) in paragraph at lines 69--70

 []


Underfull \hbox (badness 10000) in paragraph at lines 70--71

 []


Underfull \hbox (badness 10000) in paragraph at lines 71--72

 []

[11]
Underfull \hbox (badness 10000) in paragraph at lines 74--75

 []


Underfull \hbox (badness 10000) in paragraph at lines 75--76

 []


Underfull \hbox (badness 10000) in paragraph at lines 76--77

 []


Underfull \hbox (badness 10000) in paragraph at lines 77--78

 []


Underfull \hbox (badness 10000) in paragraph at lines 78--79

 []


Underfull \hbox (badness 10000) in paragraph at lines 79--80

 []


Underfull \hbox (badness 10000) in paragraph at lines 80--81

 []


Underfull \hbox (badness 10000) in paragraph at lines 81--82

 []


Underfull \hbox (badness 10000) in paragraph at lines 82--83

 []


Underfull \hbox (badness 10000) in paragraph at lines 83--84

 []


Underfull \hbox (badness 10000) in paragraph at lines 84--85

 []


Underfull \hbox (badness 10000) in paragraph at lines 85--86

 []


Underfull \hbox (badness 10000) in paragraph at lines 86--87

 []


Underfull \hbox (badness 10000) in paragraph at lines 87--88

 []

[12]) (./chapter_linears/chapter_linears.tex
Chapter 1.
(./chapter_linears/section_solving_linear_equations.tex [13

] [14] [15] [16]

LaTeX Warning: `h' float specifier changed to `ht'.


LaTeX Warning: `h' float specifier changed to `ht'.

[17] [18] [19] [20] [21] [22] [23] [24])
(./chapter_linears/section_equations_containing_absolute_values.tex [25]
[26] [27]) (./chapter_linears/section_graphing_linear_equations.tex [28]
[29]
Overfull \vbox (11.35278pt too high) has occurred while \output is active []


[30] [31]
Overfull \vbox (20.14233pt too high) has occurred while \output is active []


[32] [33] [34] [35]
Underfull \hbox (badness 10000) in paragraph at lines 473--475

 []


Underfull \hbox (badness 10000) in paragraph at lines 489--491

 []

[36]) (./chapter_linears/section_two_forms_of_a_linear_equation.tex [37]
[38] [39] [40] [41] [42])
(./chapter_linears/section_parallel_and_perpendicular_lines.tex
Underfull \hbox (badness 10000) in paragraph at lines 43--44

 []


Underfull \hbox (badness 10000) in paragraph at lines 65--66

 []


Underfull \hbox (badness 10000) in paragraph at lines 67--68

 []

[43] [44]) (./chapter_linears/section_linear_inequalities.tex [45] [46]
[47]
Underfull \hbox (badness 10000) in paragraph at lines 88--90

 []

[48] [49] [50] [51])
(./chapter_linears/section_compound_and_absolute_value_inequalities.tex
[52] [53] [54] [55] [56] [57] [58])
(./chapter_linears/practice_problems_chapter_linears.tex [59] [60] [61]
Overfull \hbox (2.8369pt too wide) in paragraph at lines 264--265
[][] 
 []

[62] [63] [64] [65] [66] [67]) (./chapter_linears/answers_chapter_linears.tex
[68] [69]
Underfull \hbox (badness 10000) in paragraph at lines 143--152

 []


Underfull \hbox (badness 10000) in paragraph at lines 174--182
\OT1/cmr/m/n/12 29) $(\OMS/cmsy/m/n/12 ^^@1\OML/cmm/m/it/12 ; \OMS/cmsy/m/n/12 
^^@\OT1/cmr/m/n/12 20) \OMS/cmsy/m/n/12 [
 []

[70])) (./chapter_systems/chapter_systems.tex
Chapter 2.
(./chapter_systems/section_systems_introduction.tex [71

] [72] [73])
(./chapter_systems/section_substitution.tex [74] [75] [76] [77] [78])
(./chapter_systems/section_elimination.tex [79] [80] [81] [82])
(./chapter_systems/section_three_variables.tex [83] [84] [85] [86] [87]
[88]) (./chapter_systems/section_matrices.tex [89] [90] [91] [92] [93] [94])
(./chapter_systems/practice_problems_chapter_systems.tex [95] [96] [97]
Overfull \hbox (1.90169pt too wide) in paragraph at lines 515--521
[]$[]$ 
 []


Overfull \hbox (1.90169pt too wide) in paragraph at lines 563--569
[]$[]$ 
 []


Overfull \hbox (1.90169pt too wide) in paragraph at lines 593--599
[]$[]$ 
 []


Overfull \hbox (34.42921pt too wide) in paragraph at lines 643--650
[]$[]$ 
 []


Overfull \hbox (7.86017pt too wide) in paragraph at lines 650--657
[]$[]$ 
 []


Overfull \hbox (13.34598pt too wide) in paragraph at lines 657--664
[]$[]$ 
 []


Overfull \hbox (16.8044pt too wide) in paragraph at lines 664--670
[]$[]$ 
 []

[98] [99]) (./chapter_systems/answers_chapter_systems.tex
Underfull \hbox (badness 10000) in paragraph at lines 27--41

 []


Underfull \hbox (badness 10000) in paragraph at lines 46--64

 []


Underfull \hbox (badness 10000) in paragraph at lines 70--87

 []

)) (./chapter_functions_intro/chapter_functions_intro.tex [100]
Chapter 3.
(./chapter_functions_intro/section_function_notation.tex [101

] [102] [103]
[104] [105] [106] [107] [108])
(./chapter_functions_intro/section_domain_and_range.tex [109] [110] [111])
(./chapter_functions_intro/section_fundamental_functions.tex [112] [113]
Underfull \hbox (badness 10000) in paragraph at lines 162--187

 []


Underfull \hbox (badness 10000) in paragraph at lines 162--187

 []


Underfull \hbox (badness 10000) in paragraph at lines 162--187

 []


Underfull \hbox (badness 10000) in paragraph at lines 162--187

 []


Underfull \hbox (badness 10000) in paragraph at lines 193--205

 []


Underfull \hbox (badness 10000) in paragraph at lines 193--205

 []

[114]
Underfull \hbox (badness 10000) in paragraph at lines 269--281

 []


Underfull \hbox (badness 10000) in paragraph at lines 269--281

 []

[115]
Underfull \hbox (badness 10000) in paragraph at lines 344--355

 []


Underfull \hbox (badness 10000) in paragraph at lines 344--355

 []

[116]
Underfull \hbox (badness 10000) in paragraph at lines 413--424

 []


Underfull \hbox (badness 10000) in paragraph at lines 413--424

 []

[117]
Underfull \hbox (badness 10000) in paragraph at lines 457--462

 []


Overfull \hbox (27.7238pt too wide) in paragraph at lines 477--478
 [] 
 []


Underfull \hbox (badness 10000) in paragraph at lines 484--495

 []


Underfull \hbox (badness 10000) in paragraph at lines 484--495

 []

[118]
Overfull \hbox (0.56758pt too wide) in paragraph at lines 502--506
 [] 
 []


Underfull \hbox (badness 10000) in paragraph at lines 530--533

 []


Underfull \hbox (badness 10000) in paragraph at lines 564--574

 []

[119]
Underfull \hbox (badness 10000) in paragraph at lines 607--610

 []


Underfull \hbox (badness 10000) in paragraph at lines 637--648

 []


Underfull \hbox (badness 10000) in paragraph at lines 637--648

 []

[120]
Underfull \hbox (badness 10000) in paragraph at lines 704--715

 []


Underfull \hbox (badness 10000) in paragraph at lines 704--715

 []

[121]
Underfull \hbox (badness 10000) in paragraph at lines 772--783

 []


Underfull \hbox (badness 10000) in paragraph at lines 772--783

 []

) (./chapter_functions_intro/practice_problems_chapter_functions_intro.tex
[122] [123] [124]
Overfull \vbox (21.02486pt too high) has occurred while \output is active []


[125]
Overfull \hbox (8.17502pt too wide) in paragraph at lines 409--411
[][]
 []


Overfull \hbox (8.17502pt too wide) in paragraph at lines 421--423
[][]
 []


Overfull \hbox (8.17502pt too wide) in paragraph at lines 434--435
[][] 
 []


Overfull \hbox (8.17502pt too wide) in paragraph at lines 451--453
[][]
 []


Overfull \hbox (11.89122pt too wide) in paragraph at lines 466--468
[][]
 []


Overfull \hbox (8.17502pt too wide) in paragraph at lines 478--479
[][] 
 []


Overfull \hbox (8.25954pt too wide) in paragraph at lines 500--502
[][]
 []


Overfull \hbox (8.17502pt too wide) in paragraph at lines 512--514
[][]
 []


Overfull \hbox (8.17502pt too wide) in paragraph at lines 529--530
[][] 
 []


Overfull \vbox (67.51944pt too high) has occurred while \output is active []


Overfull \vbox (67.51944pt too high) has occurred while \output is active []


Overfull \vbox (68.41158pt too high) has occurred while \output is active []


Overfull \vbox (68.41158pt too high) has occurred while \output is active []


Overfull \vbox (52.93492pt too high) has occurred while \output is active []


Overfull \vbox (52.93492pt too high) has occurred while \output is active []


[126]
Overfull \hbox (8.17502pt too wide) in paragraph at lines 546--548
[][]
 []


Overfull \hbox (8.17502pt too wide) in paragraph at lines 559--561
[][]
 []


Overfull \hbox (8.17502pt too wide) in paragraph at lines 573--574
[][] 
 []


Overfull \hbox (8.17502pt too wide) in paragraph at lines 591--593
[][]
 []


Overfull \hbox (8.17502pt too wide) in paragraph at lines 607--609
[][]
 []


Overfull \hbox (8.17502pt too wide) in paragraph at lines 621--622
[][] 
 []


Overfull \hbox (8.17502pt too wide) in paragraph at lines 639--641
[][]
 []


Overfull \hbox (8.17502pt too wide) in paragraph at lines 660--662
[][]
 []


Overfull \hbox (8.25954pt too wide) in paragraph at lines 678--679
[][] 
 []

) (./chapter_functions_intro/answers_chapter_functions_intro.tex
Underfull \hbox (badness 10000) in paragraph at lines 27--44

 []

[127] [128])) (./chapter_quadratics/chapter_quadratics.tex [129] [130]
Chapter 4.
(./chapter_quadratics/section_quadratics_introduction.tex
Underfull \hbox (badness 10000) in paragraph at lines 35--36

 []


Underfull \hbox (badness 10000) in paragraph at lines 37--40

 []


Underfull \hbox (badness 10000) in paragraph at lines 37--40

 []

[131

]
Underfull \hbox (badness 10000) in paragraph at lines 61--62

 []


Underfull \hbox (badness 10000) in paragraph at lines 63--66

 []


Underfull \hbox (badness 10000) in paragraph at lines 63--66

 []

[132]
Underfull \hbox (badness 10000) in paragraph at lines 94--95

 []


Underfull \hbox (badness 10000) in paragraph at lines 96--98

 []


Underfull \hbox (badness 10000) in paragraph at lines 123--129

 []


Underfull \hbox (badness 10000) in paragraph at lines 123--129

 []


Underfull \hbox (badness 10000) in paragraph at lines 123--129

 []


Underfull \hbox (badness 10000) in paragraph at lines 123--129

 []


Underfull \hbox (badness 10000) in paragraph at lines 156--161

 []


Underfull \hbox (badness 10000) in paragraph at lines 156--161

 []


Underfull \hbox (badness 10000) in paragraph at lines 156--161

 []

[133]
Underfull \hbox (badness 10000) in paragraph at lines 187--191

 []


Underfull \hbox (badness 10000) in paragraph at lines 187--191

 []


Underfull \hbox (badness 10000) in paragraph at lines 187--191

 []

) (./chapter_quadratics/section_factoring_methods.tex [134] [135] [136]
[137] [138] [139] [140] [141]

Package hyperref Warning: Token not allowed in a PDF string (PDFDocEncoding):
(hyperref)                removing `math shift' on input line 434.


Package hyperref Warning: Token not allowed in a PDF string (PDFDocEncoding):
(hyperref)                removing `math shift' on input line 434.

[142] [143] [144]

Package hyperref Warning: Token not allowed in a PDF string (PDFDocEncoding):
(hyperref)                removing `math shift' on input line 573.


Package hyperref Warning: Token not allowed in a PDF string (PDFDocEncoding):
(hyperref)                removing `\not' on input line 573.


Package hyperref Warning: Token not allowed in a PDF string (PDFDocEncoding):
(hyperref)                removing `math shift' on input line 573.

[145] [146]) (./chapter_quadratics/section_solving_by_factoring.tex [147]
[148] [149] [150])
(./chapter_quadratics/section_square_roots_and_complex_numbers.tex

Package hyperref Warning: Token not allowed in a PDF string (PDFDocEncoding):
(hyperref)                removing `math shift' on input line 23.


Package hyperref Warning: Token not allowed in a PDF string (PDFDocEncoding):
(hyperref)                removing `math shift' on input line 23.

[151] [152] [153] [154] [155] [156] [157] [158] [159] [160])
(./chapter_quadratics/section_vertex_form_and_graphing.tex [161] [162] [163]
[164]
Underfull \hbox (badness 10000) in paragraph at lines 150--155

 []


Underfull \hbox (badness 10000) in paragraph at lines 150--155

 []

[165] [166] [167]) (./chapter_quadratics/section_extracting_square_roots.tex
[168] [169] [170]
Overfull \hbox (43.00499pt too wide) in alignment at lines 112--122
 [][][] []
 []


Overfull \hbox (53.86963pt too wide) in alignment at lines 152--164
 [][][] []
 []

[171]
Overfull \hbox (44.80331pt too wide) in alignment at lines 194--206
 [][][] []
 []

) (./chapter_quadratics/section_completing_the_square.tex [172] [173] [174]
[175]) (./chapter_quadratics/section_quadratic_formula.tex
Overfull \hbox (8.26271pt too wide) in paragraph at lines 23--23
[][]\OT1/cmr/bx/n/17.28 The Quadratic For-mula (L28) and the Dis-crim-i-nant (L
27) 
 []

[176] [177] [178] [179] [180] [181] [182])
(./chapter_quadratics/section_quadratic_inequalities_and_sign_diagrams.tex
[183] [184] [185] [186] [187] [188])
(./chapter_quadratics/practice_problems_chapter_quadratics.tex
Overfull \vbox (10.12871pt too high) has occurred while \output is active []


Overfull \vbox (10.12871pt too high) has occurred while \output is active []


[189] [190] [191]
Underfull \hbox (badness 10000) in paragraph at lines 372--383

 []

[192] [193] [194]) (./chapter_quadratics/answers_chapter_quadratics.tex
[195] [196] [197]
Underfull \hbox (badness 10000) in paragraph at lines 549--621

 []

)) (./chapter_functions_advanced/chapter_functions_advanced.tex [198]
Chapter 5.
(./chapter_functions_advanced/section_finding_domain_algebraically.tex [199

]
[200]) (./chapter_functions_advanced/section_combining_functions.tex [201]
[202] [203] [204] [205])
(./chapter_functions_advanced/section_inverse_functions.tex [206] [207]
[208] [209] [210] [211] [212] [213] [214] [215] [216] [217])
(./chapter_functions_advanced/section_transformations.tex [218]
Underfull \hbox (badness 10000) in paragraph at lines 35--39

 []

[219] [220] [221] [222]
Overfull \hbox (4.2597pt too wide) in paragraph at lines 326--327
 [] 
 []

[223] [224] [225] [226] [227] [228] [229]
Underfull \hbox (badness 10000) in paragraph at lines 683--691

 []


Underfull \hbox (badness 10000) in paragraph at lines 683--691

 []


Underfull \hbox (badness 10000) in paragraph at lines 683--691

 []

[230] [231] [232] [233]
Overfull \hbox (3.83617pt too wide) in paragraph at lines 859--860
 [] 
 []

[234])
(./chapter_functions_advanced/section_piecewise_defined_and_absolute_value_func
tions.tex [235]
Underfull \hbox (badness 10000) in paragraph at lines 96--97

 []

[236]
Underfull \hbox (badness 10000) in paragraph at lines 188--189

 []

[237] [238]
Overfull \hbox (4.36589pt too wide) in paragraph at lines 340--342
[]\OT1/cmr/m/n/12 In the pre-vi-ous ex-am-ple, we see that there is a ``gap'' i
n our do-main be-tween the $\OML/cmm/m/it/12 x\OMS/cmsy/m/n/12 ^^@$\OT1/cmr/m/n
/12 coordinates
 []

[239] [240] [241] [242] [243] [244])
(./chapter_functions_advanced/practice_problems_chapter_functions_advanced.tex
[245] [246] [247] [248] [249] [250] [251] [252] [253] [254]

LaTeX Font Warning: Command \scriptsize invalid in math mode on input line 770.


[255]) (./chapter_functions_advanced/answers_chapter_functions_advanced.tex
[256] [257] [258]
Overfull \hbox (21.57954pt too wide) in paragraph at lines 306--307
[][] 
 []

[259] [260])) (./chapter_polynomials/chapter_polynomials.tex [261] [262

]
Chapter 6.
(./chapter_polynomials/section_polynomials_introduction.tex [263] [264])
(./chapter_polynomials/section_polynomials_sign_diagrams.tex [265] [266]
[267] [268] [269]) (./chapter_polynomials/section_polynomials_factoring.tex
[270] [271] [272] [273] [274] [275] [276])
(./chapter_polynomials/section_polynomials_division.tex [277] [278] [279]
[280.0.3] [281.0.3] [282.0.3] [283.0.3]
Overfull \hbox (29.0794pt too wide) in alignment at lines 286--296
 [][][] []
 []


Overfull \hbox (28.86015pt too wide) in alignment at lines 297--310
 [][][] []
 []

[284.0.3] [285.0.3] [286.0.3] [287.0.3] [288.0.3])
(./chapter_polynomials/section_polynomials_end_behavior.tex [289.0.3]
Underfull \hbox (badness 10000) in paragraph at lines 127--127

 []


Overfull \hbox (14.63324pt too wide) in paragraph at lines 127--128
[][] 
 []

[290.0.3]
Overfull \hbox (43.11966pt too wide) in paragraph at lines 151--152
[]\OT1/cmr/m/n/12 The poly-no-mial $\OML/cmm/m/it/12 h$ \OT1/cmr/m/n/12 is writ
-ten in fac-tored form, which is help-ful for iden-ti-fy-ing roots/$\OML/cmm/m/
it/12 x\OMS/cmsy/m/n/12 ^^@$\OT1/cmr/m/n/12 intercepts,
 []

[291.0.3] [292.0.3] [293.0.3])
(./chapter_polynomials/section_polynomials_local_behavior.tex [294.0.3]
[295.0.3] [296.0.3]
Overfull \hbox (14.63324pt too wide) in paragraph at lines 146--147
 [] 
 []

[297.0.3] [298.0.3])
(./chapter_polynomials/section_polynomials_rational_root_theorem.tex [299.0.3]
[300.0.3]) (./chapter_polynomials/section_polynomials_graphing_summary.tex
[301.0.3] [302.0.3])
(./chapter_polynomials/section_polynomials_inequalities.tex [303.0.3]
Underfull \hbox (badness 10000) in paragraph at lines 78--80

 []

[304.0.3]) (./chapter_polynomials/practice_problems_chapter_polynomials.tex
Overfull \vbox (1.62871pt too high) has occurred while \output is active []


Overfull \vbox (1.62871pt too high) has occurred while \output is active []


[305.0.3] [306.0.3]
Overfull \hbox (2.19235pt too wide) in paragraph at lines 138--139
[]$[]$[] 
 []


Overfull \vbox (11.9796pt too high) has occurred while \output is active []


[307.0.3] [308.0.3] [309.0.3])
(./chapter_polynomials/answers_chapter_polynomials.tex [310.0.3] [311.0.3]
[312.0.3] [313.0.3] [314.0.3]
Overfull \hbox (15.47472pt too wide) in paragraph at lines 377--380
\OMS/cmsy/m/n/12 f^^F\OT1/cmr/m/n/12 40\OML/cmm/m/it/12 ; \OMS/cmsy/m/n/12 ^^F\
OT1/cmr/m/n/12 20\OML/cmm/m/it/12 ; \OMS/cmsy/m/n/12 ^^F[]\OML/cmm/m/it/12 ; \O
MS/cmsy/m/n/12 ^^F\OT1/cmr/m/n/12 10\OML/cmm/m/it/12 ; \OMS/cmsy/m/n/12 ^^F\OT1
/cmr/m/n/12 8\OML/cmm/m/it/12 ; \OMS/cmsy/m/n/12 ^^F[]\OML/cmm/m/it/12 ; \OMS/c
msy/m/n/12 ^^F\OT1/cmr/m/n/12 5\OML/cmm/m/it/12 ; \OMS/cmsy/m/n/12 ^^F\OT1/cmr/
m/n/12 4\OML/cmm/m/it/12 ; \OMS/cmsy/m/n/12 ^^F[]\OML/cmm/m/it/12 ; \OMS/cmsy/m
/n/12 ^^F[]\OML/cmm/m/it/12 ; \OMS/cmsy/m/n/12 ^^F[]\OML/cmm/m/it/12 ; \OMS/cms
y/m/n/12 ^^F\OT1/cmr/m/n/12 2\OML/cmm/m/it/12 ; \OMS/cmsy/m/n/12 ^^F[]\OML/cmm/
m/it/12 ; \OMS/cmsy/m/n/12 ^^F[]\OML/cmm/m/it/12 ; \OMS/cmsy/m/n/12 ^^F\OT1/cmr
/m/n/12 1\OML/cmm/m/it/12 ; \OMS/cmsy/m/n/12 ^^F[]\OML/cmm/m/it/12 ; \OMS/cmsy/
m/n/12 ^^F[]\OML/cmm/m/it/12 ; \OMS/cmsy/m/n/12 ^^F[]\OML/cmm/m/it/12 ; \OMS/cm
sy/m/n/12 ^^F[]\OML/cmm/m/it/12 ; \OMS/cmsy/m/n/12 ^^F[]g$ 
 []

[315.0.3])) (./chapter_rationals/chapter_rationals.tex [316.0.3]
Chapter 7.
(./chapter_rationals/section_rationals_introduction.tex [317.0.3

] [318.0.3]
[319.0.3]
Underfull \hbox (badness 10000) in paragraph at lines 131--133

 []


Overfull \hbox (11.6055pt too wide) in paragraph at lines 162--163
[][] 
 []


Underfull \hbox (badness 10000) in paragraph at lines 166--168

 []

[320.0.3]
Underfull \hbox (badness 10000) in paragraph at lines 203--205

 []


Overfull \hbox (17.50969pt too wide) in paragraph at lines 234--235
[][] 
 []


Underfull \hbox (badness 10000) in paragraph at lines 238--240

 []

) (./chapter_rationals/section_rationals_sign_diagrams.tex [321.0.3] [322.0.3]
[323.0.3] [324.0.3] [325.0.3])
(./chapter_rationals/section_rationals_end_behavior.tex [326.0.3] [327.0.3]
[328.0.3] [329.0.3] [330.0.3] [331.0.3] [332.0.3] [333.0.3]
Overfull \hbox (0.34909pt too wide) in paragraph at lines 414--415
 [][] 
 []

[334.0.3] [335.0.3] [336.0.3]
Overfull \hbox (38.54727pt too wide) in paragraph at lines 487--488
[][]\OT1/cmr/bx/n/12 Example 331. []\OT1/cmr/m/n/12 Find the equa-tion of the s
lant asymp-tote in the graph of $\OML/cmm/m/it/12 f\OT1/cmr/m/n/12 (\OML/cmm/m/
it/12 x\OT1/cmr/m/n/12 ) = []\OML/cmm/m/it/12 :$ 
 []

[337.0.3] [338.0.3] [339.0.3]
Overfull \hbox (16.55202pt too wide) in paragraph at lines 598--610
 [][] 
 []

) (./chapter_rationals/section_rationals_local_behavior.tex [340.0.3] [341.0.3]

Underfull \hbox (badness 10000) in paragraph at lines 98--128
[]
 []

[342.0.3]
Underfull \hbox (badness 10000) in paragraph at lines 136--162
[]
 []


Overfull \hbox (6.95993pt too wide) in paragraph at lines 136--162
[] 
 []

[343.0.3]
Overfull \hbox (14.63324pt too wide) in paragraph at lines 261--264
[][]
 []

[344.0.3] [345.0.3] [346.0.3] [347.0.3] [348.0.3])
(./chapter_rationals/section_rationals_graphing_summary.tex [349.0.3] [350.0.3]
[351.0.3] [352.0.3] [353.0.3] [354.0.3] [355.0.3] [356.0.3]
Overfull \hbox (23.1571pt too wide) in paragraph at lines 375--392
[][]
 []

[357.0.3] [358.0.3]) (./chapter_rationals/section_rationals_inequalities.tex
[359.0.3] [360.0.3] [361.0.3] [362.0.3] [363.0.3])
(./chapter_rationals/practice_problems_chapter_rationals.tex [364.0.3]
Overfull \hbox (8.44565pt too wide) in paragraph at lines 70--71
[]$\OML/cmm/m/it/12 f\OT1/cmr/m/n/12 (\OML/cmm/m/it/12 x\OT1/cmr/m/n/12 ) = []$
 
 []

[365.0.3]) (./chapter_rationals/answers_chapter_rationals.tex [366.0.3]
[367.0.3])) [368.0.3]
Package atveryend Info: Empty hook `BeforeClearDocument' on input line 83.
Package atveryend Info: Empty hook `AfterLastShipout' on input line 83.
 (./college_algebra_full_text_2021.aux)
Package atveryend Info: Executing hook `AtVeryEndDocument' on input line 83.
Package atveryend Info: Executing hook `AtEndAfterFileList' on input line 83.
Package rerunfilecheck Info: File `college_algebra_full_text_2021.out' has not 
changed.
(rerunfilecheck)             Checksum: 7B2B6DF4467E31F90C993B319F0BBED8;8275.
Package atveryend Info: Empty hook `AtVeryVeryEnd' on input line 83.
 ) 
Here is how much of TeX's memory you used:
 57056 strings out of 492162
 1120921 string characters out of 6129077
 616876 words of memory out of 5000000
 58929 multiletter control sequences out of 15000+600000
 21790 words of font info for 82 fonts, out of 8000000 for 9000
 1141 hyphenation exceptions out of 8191
 60i,27n,62p,1122b,900s stack positions out of 5000i,500n,10000p,200000b,80000s
<c:/texlive/2019/texmf-dist/fonts/type1/public/amsfonts/cm/cmbsy10.pfb><c:/te
xlive/2019/texmf-dist/fonts/type1/public/amsfonts/cm/cmbx12.pfb><c:/texlive/201
9/texmf-dist/fonts/type1/public/amsfonts/cm/cmbx8.pfb><c:/texlive/2019/texmf-di
st/fonts/type1/public/amsfonts/cm/cmex10.pfb><c:/texlive/2019/texmf-dist/fonts/
type1/public/amsfonts/cmextra/cmex8.pfb><c:/texlive/2019/texmf-dist/fonts/type1
/public/amsfonts/cm/cmmi12.pfb><c:/texlive/2019/texmf-dist/fonts/type1/public/a
msfonts/cm/cmmi6.pfb><c:/texlive/2019/texmf-dist/fonts/type1/public/amsfonts/cm
/cmmi8.pfb><c:/texlive/2019/texmf-dist/fonts/type1/public/amsfonts/cm/cmmib10.p
fb><c:/texlive/2019/texmf-dist/fonts/type1/public/amsfonts/cmextra/cmmib6.pfb><
c:/texlive/2019/texmf-dist/fonts/type1/public/amsfonts/cm/cmr10.pfb><c:/texlive
/2019/texmf-dist/fonts/type1/public/amsfonts/cm/cmr12.pfb><c:/texlive/2019/texm
f-dist/fonts/type1/public/amsfonts/cm/cmr17.pfb><c:/texlive/2019/texmf-dist/fon
ts/type1/public/amsfonts/cm/cmr6.pfb><c:/texlive/2019/texmf-dist/fonts/type1/pu
blic/amsfonts/cm/cmr7.pfb><c:/texlive/2019/texmf-dist/fonts/type1/public/amsfon
ts/cm/cmr8.pfb><c:/texlive/2019/texmf-dist/fonts/type1/public/amsfonts/cm/cmsl1
2.pfb><c:/texlive/2019/texmf-dist/fonts/type1/public/amsfonts/cm/cmsy10.pfb><c:
/texlive/2019/texmf-dist/fonts/type1/public/amsfonts/cm/cmsy6.pfb><c:/texlive/2
019/texmf-dist/fonts/type1/public/amsfonts/cm/cmsy8.pfb><c:/texlive/2019/texmf-
dist/fonts/type1/public/amsfonts/cm/cmti12.pfb><c:/texlive/2019/texmf-dist/font
s/type1/public/amsfonts/latxfont/line10.pfb><c:/texlive/2019/texmf-dist/fonts/t
ype1/public/amsfonts/symbols/msam10.pfb><c:/texlive/2019/texmf-dist/fonts/type1
/public/amsfonts/symbols/msbm10.pfb>
Output written on college_algebra_full_text_2021.pdf (368 pages, 1666157 bytes)
.
PDF statistics:
 4142 PDF objects out of 4296 (max. 8388607)
 3709 compressed objects within 38 object streams
 1901 named destinations out of 2073 (max. 500000)
 906 words of extra memory for PDF output out of 10000 (max. 10000000)

